20.11.2021 09:59:23.201 [main] INFO   game.Game - Menu created
20.11.2021 09:59:26.458 [main] INFO   game.Game - Demo started
20.11.2021 09:59:26.459 [main] INFO   game.Game - Player number 1 turn
20.11.2021 09:59:31.478 [main] INFO   game.Game - Players are switched
20.11.2021 09:59:31.478 [main] INFO   game.Game - Player number 2 turn
20.11.2021 09:59:36.495 [main] INFO   game.Game - Players are switched
20.11.2021 09:59:36.496 [main] INFO   game.Game - Player number 1 turn
20.11.2021 09:59:41.510 [main] INFO   game.Game - Players are switched
20.11.2021 09:59:41.511 [main] INFO   game.Game - Player number 2 turn
20.11.2021 09:59:46.524 [main] INFO   game.Game - Players are switched
20.11.2021 09:59:46.525 [main] INFO   game.Game - Player number 1 turn
20.11.2021 09:59:51.539 [main] INFO   game.Game - Players are switched
20.11.2021 09:59:51.540 [main] INFO   game.Game - Player number 2 turn
20.11.2021 09:59:56.548 [main] INFO   game.Game - Players are switched
20.11.2021 09:59:56.548 [main] INFO   game.Game - Player number 1 turn
20.11.2021 10:00:01.559 [main] INFO   game.Game - Player number 1 turn
20.11.2021 10:00:06.570 [main] INFO   game.Game - Players are switched
20.11.2021 10:00:06.571 [main] INFO   game.Game - Player number 2 turn
20.11.2021 10:00:11.583 [main] INFO   game.Game - Player number 2 turn
20.11.2021 10:00:16.600 [main] INFO   game.Game - Menu created
20.11.2021 10:13:35.414 [main] INFO   game.Game - Menu created
20.11.2021 10:13:51.931 [main] INFO   game.Game - Menu created
20.11.2021 10:13:54.318 [main] INFO   game.Game - Demo started
20.11.2021 10:13:54.319 [main] INFO   game.Game - Player number 1 turn
20.11.2021 10:14:46.780 [main] INFO   game.Game - Menu created
20.11.2021 10:14:49.634 [main] INFO   game.Game - Demo started
20.11.2021 10:14:49.636 [main] INFO   game.Game - Player number 1 turn
20.11.2021 10:15:48.765 [main] INFO   game.Game - Menu created
20.11.2021 10:15:51.141 [main] INFO   game.Game - Demo started
20.11.2021 10:15:51.141 [main] INFO   game.Game - Player number 1 turn
20.11.2021 10:16:14.905 [main] INFO   game.Game - Menu created
20.11.2021 10:16:17.613 [main] INFO   game.Game - Demo started
20.11.2021 10:16:17.614 [main] INFO   game.Game - Player number 1 turn
20.11.2021 10:16:22.632 [main] INFO   game.Game - Players are switched
20.11.2021 10:16:22.632 [main] INFO   game.Game - Player number 2 turn
20.11.2021 10:16:27.645 [main] INFO   game.Game - Players are switched
20.11.2021 10:16:27.646 [main] INFO   game.Game - Player number 1 turn
20.11.2021 10:16:32.654 [main] INFO   game.Game - Players are switched
20.11.2021 10:16:32.655 [main] INFO   game.Game - Player number 2 turn
20.11.2021 10:16:37.672 [main] INFO   game.Game - Players are switched
20.11.2021 10:16:37.673 [main] INFO   game.Game - Player number 1 turn
20.11.2021 10:16:42.690 [main] INFO   game.Game - Players are switched
20.11.2021 10:16:42.691 [main] INFO   game.Game - Player number 2 turn
20.11.2021 10:16:47.696 [main] INFO   game.Game - Players are switched
20.11.2021 10:16:47.697 [main] INFO   game.Game - Player number 1 turn
20.11.2021 10:16:52.710 [main] INFO   game.Game - Player number 1 turn
20.11.2021 10:16:57.719 [main] INFO   game.Game - Players are switched
20.11.2021 10:16:57.720 [main] INFO   game.Game - Player number 2 turn
20.11.2021 10:17:02.734 [main] INFO   game.Game - Player number 2 turn
20.11.2021 10:17:07.743 [main] INFO   game.Game - Menu created
20.11.2021 10:17:23.694 [main] INFO   game.Game - Menu created
20.11.2021 10:17:25.559 [main] INFO   game.Game - Demo started
20.11.2021 10:17:25.559 [main] INFO   game.Game - Player number 1 turn
20.11.2021 10:17:30.580 [main] INFO   game.Game - Players are switched
20.11.2021 10:17:30.580 [main] INFO   game.Game - Player number 2 turn
20.11.2021 10:17:35.583 [main] INFO   game.Game - Players are switched
20.11.2021 10:17:35.585 [main] INFO   game.Game - Player number 1 turn
20.11.2021 10:18:12.581 [main] INFO   game.Game - Menu created
20.11.2021 10:18:14.477 [main] INFO   game.Game - Demo started
20.11.2021 10:18:14.478 [main] INFO   game.Game - Player number 1 turn
20.11.2021 10:18:19.483 [main] INFO   game.Game - Players are switched
20.11.2021 10:18:19.483 [main] INFO   game.Game - Player number 2 turn
20.11.2021 10:18:24.495 [main] INFO   game.Game - Players are switched
20.11.2021 10:18:24.496 [main] INFO   game.Game - Player number 1 turn
20.11.2021 10:18:29.512 [main] INFO   game.Game - Players are switched
20.11.2021 10:18:29.513 [main] INFO   game.Game - Player number 2 turn
20.11.2021 10:18:34.519 [main] INFO   game.Game - Players are switched
20.11.2021 10:18:34.520 [main] INFO   game.Game - Player number 1 turn
20.11.2021 10:18:39.535 [main] INFO   game.Game - Players are switched
20.11.2021 10:18:39.536 [main] INFO   game.Game - Player number 2 turn
20.11.2021 10:18:44.542 [main] INFO   game.Game - Players are switched
20.11.2021 10:18:44.543 [main] INFO   game.Game - Player number 1 turn
20.11.2021 10:18:49.551 [main] INFO   game.Game - Player number 1 turn
20.11.2021 10:18:54.556 [main] INFO   game.Game - Players are switched
20.11.2021 10:18:54.557 [main] INFO   game.Game - Player number 2 turn
20.11.2021 10:18:59.575 [main] INFO   game.Game - Player number 2 turn
20.11.2021 10:19:04.579 [main] INFO   game.Game - Menu created
20.11.2021 10:19:15.641 [main] INFO   game.Game - Menu created
20.11.2021 10:19:17.768 [main] INFO   game.Game - Demo started
20.11.2021 10:19:17.769 [main] INFO   game.Game - Player number 1 turn
20.11.2021 10:19:22.778 [main] INFO   game.Game - Players are switched
20.11.2021 10:19:22.779 [main] INFO   game.Game - Player number 2 turn
20.11.2021 10:19:27.785 [main] INFO   game.Game - Players are switched
20.11.2021 10:19:27.786 [main] INFO   game.Game - Player number 1 turn
20.11.2021 10:19:32.800 [main] INFO   game.Game - Players are switched
20.11.2021 10:19:32.800 [main] INFO   game.Game - Player number 2 turn
20.11.2021 10:19:37.811 [main] INFO   game.Game - Players are switched
20.11.2021 10:19:37.813 [main] INFO   game.Game - Player number 1 turn
20.11.2021 10:19:42.828 [main] INFO   game.Game - Players are switched
20.11.2021 10:19:42.829 [main] INFO   game.Game - Player number 2 turn
20.11.2021 10:19:47.834 [main] INFO   game.Game - Players are switched
20.11.2021 10:19:47.836 [main] INFO   game.Game - Player number 1 turn
20.11.2021 10:19:52.898 [main] INFO   game.Game - Player number 1 turn
20.11.2021 10:19:57.911 [main] INFO   game.Game - Players are switched
20.11.2021 10:19:57.912 [main] INFO   game.Game - Player number 2 turn
20.11.2021 10:20:02.925 [main] INFO   game.Game - Player number 2 turn
20.11.2021 10:20:07.927 [main] INFO   game.Game - Menu created
20.11.2021 10:20:44.175 [main] INFO   game.Game - Menu created
20.11.2021 10:20:45.960 [main] INFO   game.Game - Demo started
20.11.2021 10:20:45.961 [main] INFO   game.Game - Player number 1 turn
20.11.2021 10:20:50.976 [main] INFO   game.Game - Players are switched
20.11.2021 10:20:50.978 [main] INFO   game.Game - Player number 2 turn
20.11.2021 10:20:55.988 [main] INFO   game.Game - Players are switched
20.11.2021 10:20:55.988 [main] INFO   game.Game - Player number 1 turn
20.11.2021 10:21:00.994 [main] INFO   game.Game - Players are switched
20.11.2021 10:21:00.995 [main] INFO   game.Game - Player number 2 turn
20.11.2021 10:21:06.007 [main] INFO   game.Game - Players are switched
20.11.2021 10:21:06.008 [main] INFO   game.Game - Player number 1 turn
20.11.2021 10:21:11.013 [main] INFO   game.Game - Players are switched
20.11.2021 10:21:11.014 [main] INFO   game.Game - Player number 2 turn
20.11.2021 10:21:16.026 [main] INFO   game.Game - Players are switched
20.11.2021 10:21:16.027 [main] INFO   game.Game - Player number 1 turn
20.11.2021 10:21:21.033 [main] INFO   game.Game - Player number 1 turn
20.11.2021 10:21:26.038 [main] INFO   game.Game - Players are switched
20.11.2021 10:21:26.039 [main] INFO   game.Game - Player number 2 turn
20.11.2021 10:21:31.046 [main] INFO   game.Game - Player number 2 turn
20.11.2021 10:21:36.062 [main] INFO   game.Game - Menu created
20.11.2021 10:22:03.338 [main] INFO   game.Game - Menu created
20.11.2021 10:22:05.270 [main] INFO   game.Game - Demo started
20.11.2021 10:22:05.271 [main] INFO   game.Game - Player number 1 turn
20.11.2021 10:22:10.291 [main] INFO   game.Game - Players are switched
20.11.2021 10:22:10.292 [main] INFO   game.Game - Player number 2 turn
20.11.2021 10:22:15.319 [main] INFO   game.Game - Players are switched
20.11.2021 10:22:15.320 [main] INFO   game.Game - Player number 1 turn
20.11.2021 10:22:21.132 [main] INFO   game.Game - Menu created
20.11.2021 10:22:22.982 [main] INFO   game.Game - Demo started
20.11.2021 10:22:22.983 [main] INFO   game.Game - Player number 1 turn
20.11.2021 10:22:28.010 [main] INFO   game.Game - Players are switched
20.11.2021 10:22:28.011 [main] INFO   game.Game - Player number 2 turn
20.11.2021 10:22:33.036 [main] INFO   game.Game - Players are switched
20.11.2021 10:22:33.036 [main] INFO   game.Game - Player number 1 turn
20.11.2021 10:22:38.047 [main] INFO   game.Game - Players are switched
20.11.2021 10:22:38.048 [main] INFO   game.Game - Player number 2 turn
20.11.2021 10:23:30.049 [main] INFO   game.Game - Menu created
20.11.2021 10:23:31.780 [main] INFO   game.Game - Demo started
20.11.2021 10:23:31.780 [main] INFO   game.Game - Player number 1 turn
20.11.2021 10:23:36.797 [main] INFO   game.Game - Players are switched
20.11.2021 10:23:36.798 [main] INFO   game.Game - Player number 2 turn
20.11.2021 10:23:41.806 [main] INFO   game.Game - Players are switched
20.11.2021 10:23:41.807 [main] INFO   game.Game - Player number 1 turn
20.11.2021 10:24:28.221 [main] INFO   game.Game - Menu created
20.11.2021 10:24:30.321 [main] INFO   game.Game - Demo started
20.11.2021 10:24:30.322 [main] INFO   game.Game - Player number 1 turn
20.11.2021 10:24:35.352 [main] INFO   game.Game - Players are switched
20.11.2021 10:24:35.353 [main] INFO   game.Game - Player number 2 turn
20.11.2021 10:24:40.375 [main] INFO   game.Game - Players are switched
20.11.2021 10:24:40.376 [main] INFO   game.Game - Player number 1 turn
20.11.2021 10:27:31.236 [main] INFO   game.Game - Menu created
20.11.2021 10:27:34.090 [main] INFO   game.Game - Demo started
20.11.2021 10:27:34.091 [main] INFO   game.Game - Player number 1 turn
20.11.2021 10:27:39.122 [main] INFO   game.Game - Players are switched
20.11.2021 10:27:39.123 [main] INFO   game.Game - Player number 2 turn
20.11.2021 10:28:02.484 [main] INFO   game.Game - Menu created
20.11.2021 10:28:04.843 [main] INFO   game.Game - Demo started
20.11.2021 10:28:04.844 [main] INFO   game.Game - Player number 1 turn
20.11.2021 10:28:09.868 [main] INFO   game.Game - Players are switched
20.11.2021 10:28:09.869 [main] INFO   game.Game - Player number 2 turn
20.11.2021 10:30:21.649 [main] INFO   game.Game - Menu created
20.11.2021 10:30:25.238 [main] INFO   game.Game - Demo started
20.11.2021 10:30:25.240 [main] INFO   game.Game - Player number 1 turn
20.11.2021 10:30:30.255 [main] INFO   game.Game - Players are switched
20.11.2021 10:30:30.256 [main] INFO   game.Game - Player number 2 turn
20.11.2021 10:30:35.270 [main] INFO   game.Game - Players are switched
20.11.2021 10:30:35.270 [main] INFO   game.Game - Player number 1 turn
20.11.2021 10:30:40.284 [main] INFO   game.Game - Players are switched
20.11.2021 10:30:40.285 [main] INFO   game.Game - Player number 2 turn
20.11.2021 10:30:45.300 [main] INFO   game.Game - Players are switched
20.11.2021 10:30:45.301 [main] INFO   game.Game - Player number 1 turn
20.11.2021 10:30:50.315 [main] INFO   game.Game - Players are switched
20.11.2021 10:30:50.316 [main] INFO   game.Game - Player number 2 turn
20.11.2021 10:30:55.329 [main] INFO   game.Game - Players are switched
20.11.2021 10:30:55.330 [main] INFO   game.Game - Player number 1 turn
20.11.2021 10:31:00.338 [main] INFO   game.Game - Player number 1 turn
20.11.2021 10:31:05.358 [main] INFO   game.Game - Players are switched
20.11.2021 10:31:05.359 [main] INFO   game.Game - Player number 2 turn
20.11.2021 10:31:10.375 [main] INFO   game.Game - Player number 2 turn
20.11.2021 10:31:15.393 [main] INFO   game.Game - Menu created
20.11.2021 10:33:03.388 [main] INFO   game.Game - Menu created
20.11.2021 10:33:05.910 [main] INFO   game.Game - Demo started
20.11.2021 10:33:05.910 [main] INFO   game.Game - Player number 1 turn
20.11.2021 10:33:10.938 [main] INFO   game.Game - Players are switched
20.11.2021 10:33:10.939 [main] INFO   game.Game - Player number 2 turn
20.11.2021 10:33:15.954 [main] INFO   game.Game - Players are switched
20.11.2021 10:33:15.954 [main] INFO   game.Game - Player number 1 turn
20.11.2021 10:33:20.955 [main] INFO   game.Game - Players are switched
20.11.2021 10:33:20.956 [main] INFO   game.Game - Player number 2 turn
20.11.2021 10:33:25.965 [main] INFO   game.Game - Players are switched
20.11.2021 10:33:25.966 [main] INFO   game.Game - Player number 1 turn
20.11.2021 10:33:30.976 [main] INFO   game.Game - Players are switched
20.11.2021 10:33:30.976 [main] INFO   game.Game - Player number 2 turn
20.11.2021 10:33:35.990 [main] INFO   game.Game - Players are switched
20.11.2021 10:33:35.990 [main] INFO   game.Game - Player number 1 turn
20.11.2021 10:33:41.010 [main] INFO   game.Game - Player number 1 turn
20.11.2021 10:33:46.019 [main] INFO   game.Game - Players are switched
20.11.2021 10:33:46.020 [main] INFO   game.Game - Player number 2 turn
20.11.2021 10:33:51.030 [main] INFO   game.Game - Player number 2 turn
20.11.2021 10:33:56.042 [main] INFO   game.Game - Menu created
20.11.2021 10:34:57.781 [main] INFO   game.Game - Demo started
20.11.2021 10:34:57.782 [main] INFO   game.Game - Player number 2 turn
20.11.2021 10:35:02.801 [main] INFO   game.Game - Players are switched
20.11.2021 10:35:02.802 [main] INFO   game.Game - Player number 1 turn
20.11.2021 10:35:07.814 [main] INFO   game.Game - Players are switched
20.11.2021 10:35:07.815 [main] INFO   game.Game - Player number 2 turn
20.11.2021 10:35:12.828 [main] INFO   game.Game - Players are switched
20.11.2021 10:35:12.829 [main] INFO   game.Game - Player number 1 turn
20.11.2021 10:35:17.848 [main] INFO   game.Game - Players are switched
20.11.2021 10:35:17.849 [main] INFO   game.Game - Player number 2 turn
20.11.2021 10:35:22.867 [main] INFO   game.Game - Players are switched
20.11.2021 10:35:22.868 [main] INFO   game.Game - Player number 1 turn
20.11.2021 10:35:27.888 [main] INFO   game.Game - Players are switched
20.11.2021 10:35:27.889 [main] INFO   game.Game - Player number 2 turn
20.11.2021 10:35:32.902 [main] INFO   game.Game - Player number 2 turn
20.11.2021 10:35:37.918 [main] INFO   game.Game - Players are switched
20.11.2021 10:35:37.918 [main] INFO   game.Game - Player number 1 turn
20.11.2021 10:35:42.927 [main] INFO   game.Game - Player number 1 turn
20.11.2021 10:35:47.946 [main] INFO   game.Game - Menu created
20.11.2021 10:39:22.339 [main] INFO   game.Game - Menu created
20.11.2021 10:39:24.396 [main] INFO   game.Game - Demo started
20.11.2021 10:39:24.397 [main] INFO   game.Game - Player number 1 turn
20.11.2021 10:39:29.423 [main] INFO   game.Game - Players are switched
20.11.2021 10:39:29.425 [main] INFO   game.Game - Player number 2 turn
20.11.2021 10:39:34.453 [main] INFO   game.Game - Players are switched
20.11.2021 10:39:34.453 [main] INFO   game.Game - Player number 1 turn
20.11.2021 10:39:39.455 [main] INFO   game.Game - Players are switched
20.11.2021 10:39:39.456 [main] INFO   game.Game - Player number 2 turn
20.11.2021 10:39:44.459 [main] INFO   game.Game - Players are switched
20.11.2021 10:39:44.459 [main] INFO   game.Game - Player number 1 turn
20.11.2021 10:39:49.470 [main] INFO   game.Game - Players are switched
20.11.2021 10:39:49.471 [main] INFO   game.Game - Player number 2 turn
20.11.2021 10:39:54.484 [main] INFO   game.Game - Players are switched
20.11.2021 10:39:54.484 [main] INFO   game.Game - Player number 1 turn
20.11.2021 10:39:59.496 [main] INFO   game.Game - Player number 1 turn
20.11.2021 10:40:04.506 [main] INFO   game.Game - Players are switched
20.11.2021 10:40:04.507 [main] INFO   game.Game - Player number 2 turn
20.11.2021 10:40:09.524 [main] INFO   game.Game - Player number 2 turn
20.11.2021 10:40:14.533 [main] INFO   game.Game - Menu created
20.11.2021 10:40:23.411 [main] INFO   game.Game - Menu created
20.11.2021 10:40:27.003 [main] INFO   game.Game - Demo started
20.11.2021 10:40:27.004 [main] INFO   game.Game - Player number 1 turn
20.11.2021 10:40:32.030 [main] INFO   game.Game - Players are switched
20.11.2021 10:40:32.030 [main] INFO   game.Game - Player number 2 turn
20.11.2021 10:40:37.051 [main] INFO   game.Game - Players are switched
20.11.2021 10:40:37.051 [main] INFO   game.Game - Player number 1 turn
20.11.2021 10:40:42.056 [main] INFO   game.Game - Players are switched
20.11.2021 10:40:42.057 [main] INFO   game.Game - Player number 2 turn
20.11.2021 10:40:47.073 [main] INFO   game.Game - Players are switched
20.11.2021 10:40:47.074 [main] INFO   game.Game - Player number 1 turn
20.11.2021 10:40:52.091 [main] INFO   game.Game - Players are switched
20.11.2021 10:40:52.091 [main] INFO   game.Game - Player number 2 turn
20.11.2021 10:40:57.106 [main] INFO   game.Game - Players are switched
20.11.2021 10:40:57.108 [main] INFO   game.Game - Player number 1 turn
20.11.2021 10:41:02.120 [main] INFO   game.Game - Player number 1 turn
20.11.2021 10:41:07.130 [main] INFO   game.Game - Players are switched
20.11.2021 10:41:07.130 [main] INFO   game.Game - Player number 2 turn
20.11.2021 10:41:12.140 [main] INFO   game.Game - Player number 2 turn
20.11.2021 10:41:17.144 [main] INFO   game.Game - Menu created
20.11.2021 10:53:57.394 [main] INFO   game.Game - Menu created
20.11.2021 10:53:59.536 [main] INFO   game.Game - Game started
20.11.2021 10:53:59.537 [main] INFO   game.Game - Player number 1 turn
20.11.2021 10:54:07.265 [main] INFO   game.Game - Player number 1 turn
20.11.2021 10:54:16.764 [main] INFO   game.Game - Menu created
20.11.2021 10:54:27.818 [main] INFO   game.Game - Game started
20.11.2021 10:54:27.819 [main] INFO   game.Game - Player number 1 turn
20.11.2021 10:57:24.056 [main] INFO   game.Game - Menu created
20.11.2021 18:43:39.654 [main] INFO   game.Game - Menu created
20.11.2021 18:43:42.540 [main] INFO   game.Game - Demo started
20.11.2021 18:43:42.541 [main] INFO   game.Game - Player number 1 turn
20.11.2021 18:43:47.558 [main] INFO   game.Game - Players are switched
20.11.2021 18:43:47.559 [main] INFO   game.Game - Player number 2 turn
20.11.2021 18:43:52.568 [main] INFO   game.Game - Players are switched
20.11.2021 18:43:52.569 [main] INFO   game.Game - Player number 1 turn
20.11.2021 18:43:57.581 [main] INFO   game.Game - Players are switched
20.11.2021 18:43:57.582 [main] INFO   game.Game - Player number 2 turn
20.11.2021 18:44:02.586 [main] INFO   game.Game - Players are switched
20.11.2021 18:44:02.586 [main] INFO   game.Game - Player number 1 turn
20.11.2021 18:44:07.599 [main] INFO   game.Game - Players are switched
20.11.2021 18:44:07.599 [main] INFO   game.Game - Player number 2 turn
20.11.2021 18:44:12.605 [main] INFO   game.Game - Players are switched
20.11.2021 18:44:12.606 [main] INFO   game.Game - Player number 1 turn
20.11.2021 18:44:17.625 [main] INFO   game.Game - Player number 1 turn
20.11.2021 18:44:22.638 [main] INFO   game.Game - Players are switched
20.11.2021 18:44:22.639 [main] INFO   game.Game - Player number 2 turn
20.11.2021 18:44:27.655 [main] INFO   game.Game - Player number 2 turn
20.11.2021 18:44:32.663 [main] INFO   game.Game - Menu created
20.11.2021 18:52:20.030 [main] INFO   game.Game - Menu created
20.11.2021 18:52:32.352 [main] INFO   game.Game - Demo started
20.11.2021 18:52:32.352 [main] INFO   game.Game - Player number 1 turn
20.11.2021 18:52:37.358 [main] INFO   game.Game - Players are switched
20.11.2021 18:52:37.359 [main] INFO   game.Game - Player number 2 turn
20.11.2021 18:52:42.372 [main] INFO   game.Game - Players are switched
20.11.2021 18:52:42.372 [main] INFO   game.Game - Player number 1 turn
20.11.2021 18:52:47.386 [main] INFO   game.Game - Players are switched
20.11.2021 18:52:47.386 [main] INFO   game.Game - Player number 2 turn
20.11.2021 18:52:52.398 [main] INFO   game.Game - Players are switched
20.11.2021 18:52:52.398 [main] INFO   game.Game - Player number 1 turn
20.11.2021 18:52:57.405 [main] INFO   game.Game - Players are switched
20.11.2021 18:52:57.405 [main] INFO   game.Game - Player number 2 turn
20.11.2021 18:53:02.407 [main] INFO   game.Game - Players are switched
20.11.2021 18:53:02.407 [main] INFO   game.Game - Player number 1 turn
20.11.2021 18:53:07.417 [main] INFO   game.Game - Player number 1 turn
20.11.2021 18:53:12.427 [main] INFO   game.Game - Players are switched
20.11.2021 18:53:12.427 [main] INFO   game.Game - Player number 2 turn
20.11.2021 18:53:17.436 [main] INFO   game.Game - Player number 2 turn
20.11.2021 18:53:22.449 [main] INFO   game.Game - Menu created
